<?xml version="1.0" encoding="UTF-8"?>
<testsuite xmlns:xsi="http://www.w3.org/2001/XMLSchema-instance" xsi:noNamespaceSchemaLocation="https://maven.apache.org/surefire/maven-surefire-plugin/xsd/surefire-test-report-3.0.xsd" version="3.0" name="SFC-69 related test cases." time="30.278" tests="1" errors="1" skipped="0" failures="0">
  <properties>
[...]
</properties>
  <testcase name="As a buyer I want to be given a CTA button to return to the search result page" classname="SFC-69 related test cases." time="30.278">
    <error message="Step [User enters &quot;([^&quot;]*)&quot; details] is defined with 1 parameters at &apos;com.demo.stepdefs.HomeSteps.user_enters_details(java.lang.String)&apos;.&#10;However, the gherkin step has 0 arguments.&#10;Step text: User enters &quot;Linen&quot; details" type="io.cucumber.core.exception.CucumberException"><![CDATA[io.cucumber.core.exception.CucumberException: 
Step [User enters "([^"]*)" details] is defined with 1 parameters at 'com.demo.stepdefs.HomeSteps.user_enters_details(java.lang.String)'.
However, the gherkin step has 0 arguments.
Step text: User enters "Linen" details
]]></error>
    <system-out><![CDATA[
@Test @SFC-65 @SFC-118
Scenario Outline: As a buyer I want to be given a CTA button to return to the search result page # src/test/resources/FeatureFiles/SFC-69_Back_Search_Results.feature:15
2020-05-17 01:32:37 INFO  TestContext:44 - =================As a buyer I want to be given a CTA button to return to the search result page execution starts===================
2020-05-17 01:32:38 INFO  BrowserFactory:33 - Opening chromebrowser
Started in thread: 15, in JVM: 56040@DESKTOP-BKM2109
2020-05-17 01:32:51 INFO  TestContext:57 - Successfully lunched the chrome browser
2020-05-17 01:32:55 INFO  BrowserFactory:91 -  launched

    CCS application is launched

  Given user logs in to the CCS application for "Scenario 1"                                     # com.demo.context.TestContext.user_logs_in_to_the_CCS_application_for(java.lang.String)
2020-05-17 01:32:57 INFO  HomePage:47 - User is on CCS home page

    User is on CCS home page

  And User is navigated to CCS home page                                                         # com.demo.stepdefs.HomeSteps.user_is_navigated_to_CCS_home_page()
  And User enters "Linen" details                                                                # com.demo.stepdefs.HomeSteps.user_enters_details(java.lang.String)
      io.cucumber.core.exception.CucumberException: Step [User enters "([^"]*)" details] is defined with 1 parameters at 'com.demo.stepdefs.HomeSteps.user_enters_details(java.lang.String)'.
However, the gherkin step has 0 arguments.
Step text: User enters "Linen" details
	at io.cucumber.core.runner.PickleStepDefinitionMatch.arityMismatch(PickleStepDefinitionMatch.java:134)
	at io.cucumber.core.runner.PickleStepDefinitionMatch.runStep(PickleStepDefinitionMatch.java:42)
	at io.cucumber.core.runner.TestStep.executeStep(TestStep.java:64)
	at io.cucumber.core.runner.TestStep.run(TestStep.java:49)
	at io.cucumber.core.runner.PickleStepTestStep.run(PickleStepTestStep.java:46)
	at io.cucumber.core.runner.TestCase.run(TestCase.java:51)
	at io.cucumber.core.runner.Runner.runPickle(Runner.java:66)
	at io.cucumber.junit.PickleRunners$NoStepDescriptions.run(PickleRunners.java:149)
	at io.cucumber.junit.FeatureRunner.runChild(FeatureRunner.java:83)
	at io.cucumber.junit.FeatureRunner.runChild(FeatureRunner.java:24)
	at org.junit.runners.ParentRunner$3.run(ParentRunner.java:290)
	at org.junit.runners.ParentRunner$1.schedule(ParentRunner.java:71)
	at org.junit.runners.ParentRunner.runChildren(ParentRunner.java:288)
	at org.junit.runners.ParentRunner.access$000(ParentRunner.java:58)
	at org.junit.runners.ParentRunner$2.evaluate(ParentRunner.java:268)
	at org.junit.runners.ParentRunner.run(ParentRunner.java:363)
	at io.cucumber.junit.Cucumber.runChild(Cucumber.java:185)
	at io.cucumber.junit.Cucumber.runChild(Cucumber.java:83)
	at org.junit.runners.ParentRunner$3.run(ParentRunner.java:290)
	at org.apache.maven.surefire.junitcore.pc.Scheduler$1.run(Scheduler.java:405)
	at java.util.concurrent.Executors$RunnableAdapter.call(Executors.java:511)
	at java.util.concurrent.FutureTask.run(FutureTask.java:266)
	at java.util.concurrent.ThreadPoolExecutor.runWorker(ThreadPoolExecutor.java:1149)
	at java.util.concurrent.ThreadPoolExecutor$Worker.run(ThreadPoolExecutor.java:624)
	at java.lang.Thread.run(Thread.java:748)

  And User clicks on the "Help me find the right framework" button                               # com.demo.stepdefs.HomeSteps.user_clicks_on_the_button(java.lang.String)
  And User is displayed with GM landing page                                                     # com.demo.stepdefs.GMPageSteps.user_is_displayed_with_GM_landing_page()
  And User clicks "Search Frameworks" CTA from the page                                          # com.demo.stepdefs.GMPageSteps.user_selects_second_found_element_from_page()
  Then User should be redirected to Search Framework page                                        # com.demo.stepdefs.SearchFrameworksPageSteps.user_should_be_redirected_to_search_framework_page()

    URL - http://ccs-ui-demo-sbx3.s3-website.eu-west-2.amazonaws.com/index


    Embedding null [image/png 419364 bytes]

2020-05-17 01:33:05 INFO  TestContext:85 - =================As a buyer I want to be given a CTA button to return to the search result page execution ends===================
]]></system-out>
    <system-err><![CDATA[Starting ChromeDriver 81.0.4044.138 (8c6c7ba89cc9453625af54f11fd83179e23450fa-refs/branch-heads/4044@{#999}) on port 16563
Only local connections are allowed.
Please protect ports used by ChromeDriver and related test frameworks to prevent access by malicious code.
May 17, 2020 1:32:49 AM org.openqa.selenium.remote.ProtocolHandshake createSession
INFO: Detected dialect: W3C
[1589659372.433][SEVERE]: Timed out receiving message from renderer: 0.100
[1589659372.539][SEVERE]: Timed out receiving message from renderer: 0.100
[1589659372.642][SEVERE]: Timed out receiving message from renderer: 0.100
[1589659372.745][SEVERE]: Timed out receiving message from renderer: 0.100
[1589659372.847][SEVERE]: Timed out receiving message from renderer: 0.100
[1589659372.972][SEVERE]: Timed out receiving message from renderer: 0.100
[1589659373.074][SEVERE]: Timed out receiving message from renderer: 0.100
[1589659373.175][SEVERE]: Timed out receiving message from renderer: 0.100
[1589659373.277][SEVERE]: Timed out receiving message from renderer: 0.100
[1589659373.379][SEVERE]: Timed out receiving message from renderer: 0.100
[1589659373.482][SEVERE]: Timed out receiving message from renderer: 0.100
[1589659373.584][SEVERE]: Timed out receiving message from renderer: 0.100
[1589659373.689][SEVERE]: Timed out receiving message from renderer: 0.100
[1589659373.916][SEVERE]: Timed out receiving message from renderer: 0.100
]]></system-err>
  </testcase>
</testsuite>